<?xml version="1.0" encoding="UTF-8"?>
<!-- Generated by org.testng.reporters.JUnitReportReporter -->
<testsuite hostname="LAPTOP-AFV8M1O4" failures="0" tests="1" name="com.amdocs.ajio.testCases.indexPageTest" time="77.012" errors="0" timestamp="2023-09-14T11:53:02 IST" skipped="0">
  <testcase classname="com.amdocs.ajio.testCases.indexPageTest" name="loginTest" time="77.012"/>
</testsuite> <!-- com.amdocs.ajio.testCases.indexPageTest -->
